<?xml version="1.0" encoding="UTF-8"?>
<!-- Generated by org.testng.reporters.JUnitXMLReporter -->
<testsuite ignored="0" hostname="Manjula" failures="0" tests="3" name="Test-1" time="11.898" errors="0" timestamp="01 Jul 2024 11:11:13 GMT">
  <testcase classname="com.crm.comcast.orgTest.CreateOrganizationTest" name="createOrgTest" time="0.001"/>
  <testcase classname="com.crm.comcast.orgTest.CreateOrganizationTest" name="createOrgWithIndusTest" time="0.002"/>
  <testcase classname="com.crm.comcast.orgTest.CreateOrganizationTest" name="createOrgwithphoneTest" time="0.003"/>
</testsuite> <!-- Test-1 -->
