<?xml version="1.0" encoding="UTF-8"?>
<!-- Generated by org.testng.reporters.JUnitXMLReporter -->
<testsuite ignored="0" hostname="Manjula" failures="0" tests="3" name="Test-2" time="26.853" errors="0" timestamp="01 Jul 2024 11:11:28 GMT">
  <testcase classname="com.crm.comcast.contactTest.CreateContactTest" name="createContactTest" time="8.121"/>
  <testcase classname="com.crm.comcast.contactTest.CreateContactTest" name="createContactWithDateTest" time="3.286"/>
  <testcase classname="com.crm.comcast.contactTest.CreateContactTest" name="createContactWithOrgTest" time="6.032"/>
</testsuite> <!-- Test-2 -->
