<?xml version="1.0" encoding="UTF-8"?>
<!-- Generated by org.testng.reporters.JUnitReportReporter -->
<testsuite hostname="Manjula" failures="0" tests="3" name="practice.testng.CreateContactDP" time="0.007" errors="0" timestamp="28 Jun 2024 06:59:11 GMT" skipped="0">
  <testcase classname="practice.testng.CreateContactDP" name="createContac" time="0.000"/>
  <testcase classname="practice.testng.CreateContactDP" name="createContac" time="0.001"/>
  <testcase classname="practice.testng.CreateContactDP" name="createContac" time="0.006"/>
</testsuite> <!-- practice.testng.CreateContactDP -->
