<?xml version="1.0" encoding="UTF-8"?>
<!-- Generated by org.testng.reporters.JUnitReportReporter -->
<testsuite hostname="Manjula" failures="0" tests="1" name="practice.pom.repository.SampleTestwithPom" time="3.893" errors="0" timestamp="27 Jun 2024 09:43:53 GMT" skipped="0">
  <testcase classname="practice.pom.repository.SampleTestwithPom" name="sampleTest" time="3.893"/>
</testsuite> <!-- practice.pom.repository.SampleTestwithPom -->
