<?xml version="1.0" encoding="UTF-8"?>
<!-- Generated by org.testng.reporters.JUnitReportReporter -->
<testsuite hostname="Manjula" failures="0" tests="3" name="practice.testng.CreateclasswithDataprovider" time="0.012" errors="0" timestamp="28 Jun 2024 06:49:25 GMT" skipped="0">
  <testcase classname="practice.testng.CreateclasswithDataprovider" name="createContac" time="0.004"/>
  <testcase classname="practice.testng.CreateclasswithDataprovider" name="createContac" time="0.001"/>
  <testcase classname="practice.testng.CreateclasswithDataprovider" name="createContac" time="0.007"/>
</testsuite> <!-- practice.testng.CreateclasswithDataprovider -->
