<?xml version="1.0" encoding="UTF-8"?>
<!-- Generated by org.testng.reporters.JUnitReportReporter -->
<testsuite hostname="Manjula" failures="0" tests="3" name="practicetest.ProductDPwithExcel" time="98.222" errors="0" timestamp="28 Jun 2024 09:52:27 GMT" skipped="0">
  <testcase classname="practicetest.ProductDPwithExcel" name="getProductInfoTest" time="32.911"/>
  <testcase classname="practicetest.ProductDPwithExcel" name="getProductInfoTest" time="32.611"/>
  <testcase classname="practicetest.ProductDPwithExcel" name="getProductInfoTest" time="32.700"/>
</testsuite> <!-- practicetest.ProductDPwithExcel -->
