<?xml version="1.0" encoding="UTF-8"?>
<!-- Generated by org.testng.reporters.JUnitReportReporter -->
<testsuite hostname="Manjula" failures="0" tests="3" name="practicetest.GetProductInfoTest" time="100.390" errors="0" timestamp="28 Jun 2024 08:03:43 GMT" skipped="0">
  <testcase classname="practicetest.GetProductInfoTest" name="getProductInfoTest" time="33.090"/>
  <testcase classname="practicetest.GetProductInfoTest" name="getProductInfoTest" time="34.100"/>
  <testcase classname="practicetest.GetProductInfoTest" name="getProductInfoTest" time="33.200"/>
</testsuite> <!-- practicetest.GetProductInfoTest -->
