<?xml version="1.0" encoding="UTF-8"?>
<!-- Generated by org.testng.reporters.JUnitReportReporter -->
<testsuite hostname="Manjula" failures="0" tests="12" name="practice.testng.SampleTest" time="0.032" errors="0" timestamp="28 Jun 2024 06:16:58 GMT" skipped="1">
  <testcase classname="practice.testng.SampleTest" name="test1" time="0.002"/>
  <testcase classname="practice.testng.SampleTest" name="test1" time="0.001"/>
  <testcase classname="practice.testng.SampleTest" name="test1" time="0.002"/>
  <testcase classname="practice.testng.SampleTest" name="createContactwithphonenumberTest" time="0.009"/>
  <testcase classname="practice.testng.SampleTest" name="test1" time="0.002"/>
  <testcase classname="practice.testng.SampleTest" name="test1" time="0.002"/>
  <testcase classname="practice.testng.SampleTest" name="test1" time="0.001"/>
  <testcase classname="practice.testng.SampleTest" name="test1" time="0.002"/>
  <testcase classname="practice.testng.SampleTest" name="test1" time="0.007"/>
  <testcase classname="practice.testng.SampleTest" name="test1" time="0.003"/>
  <testcase classname="practice.testng.SampleTest" name="test1" time="0.001"/>
  <testcase classname="practice.testng.SampleTest" name="createContactTest">
    <skipped/>
  </testcase> <!-- createContactTest -->
</testsuite> <!-- practice.testng.SampleTest -->
