<?xml version="1.0" encoding="UTF-8"?>
<!-- Generated by org.testng.reporters.JUnitReportReporter -->
<testsuite hostname="Manjula" failures="0" tests="2" name="com.pac1.CreateContactTest" time="0.006" errors="0" timestamp="28 Jun 2024 10:57:56 GMT" skipped="0">
  <testcase classname="com.pac1.CreateContactTest" name="createContact" time="0.004"/>
  <testcase classname="com.pac1.CreateContactTest" name="createContactssd" time="0.002"/>
</testsuite> <!-- com.pac1.CreateContactTest -->
