<?xml version="1.0" encoding="UTF-8"?>
<!-- Generated by org.testng.reporters.JUnitReportReporter -->
<testsuite hostname="Manjula" failures="0" tests="3" name="practice.testng.ContactTest" time="0.008" errors="0" timestamp="28 Jun 2024 05:22:47 GMT" skipped="0">
  <testcase classname="practice.testng.ContactTest" name="createContact" time="0.006"/>
  <testcase classname="practice.testng.ContactTest" name="modifyContact" time="0.001"/>
  <testcase classname="practice.testng.ContactTest" name="deleteContact" time="0.001"/>
</testsuite> <!-- practice.testng.ContactTest -->
