<?xml version="1.0" encoding="UTF-8"?>
<!-- Generated by org.testng.reporters.JUnitReportReporter -->
<testsuite hostname="Manjula" failures="0" tests="2" name="com.crm.comcast.orgTest.CreateOrgTest" time="0.013" errors="0" timestamp="28 Jun 2024 12:20:09 GMT" skipped="0">
  <testcase classname="com.crm.comcast.orgTest.CreateOrgTest" name="createOrgTest" time="0.010"/>
  <testcase classname="com.crm.comcast.orgTest.CreateOrgTest" name="createOrgwithIndustiesTest" time="0.003"/>
</testsuite> <!-- com.crm.comcast.orgTest.CreateOrgTest -->
